<?xml version="1.0" encoding="UTF-8"?>
<!-- Generated by org.testng.reporters.JUnitReportReporter -->
<testsuite skipped="0" hostname="DESKTOP-3SUJPVT" name="com.screenrecorder.AceLoginTest" tests="1" failures="0" timestamp="31 Jan 2019 14:17:40 GMT" time="82.487" errors="0">
  <testcase name="loginTest" time="82.487" classname="com.screenrecorder.AceLoginTest"/>
</testsuite> <!-- com.screenrecorder.AceLoginTest -->
