<?xml version="1.0" encoding="UTF-8"?>
<!-- Generated by org.testng.reporters.JUnitReportReporter -->
<testsuite skipped="0" hostname="DESKTOP-3SUJPVT" name="com.handling.BatchTesting.VerifyLoginTest" tests="1" failures="0" timestamp="31 Jan 2019 14:17:40 GMT" time="40.998" errors="0">
  <testcase name="loginTest" time="40.998" classname="com.handling.BatchTesting.VerifyLoginTest"/>
</testsuite> <!-- com.handling.BatchTesting.VerifyLoginTest -->
