<?xml version="1.0" encoding="UTF-8"?>
<!-- Generated by org.testng.reporters.JUnitReportReporter -->
<testsuite skipped="0" hostname="DESKTOP-3SUJPVT" name="com.handling.TestNG.Assertions.TestNG_Assertions" tests="1" failures="0" timestamp="31 Jan 2019 11:48:51 GMT" time="0.020" errors="0">
  <testcase name="demoTest" time="0.020" classname="com.handling.TestNG.Assertions.TestNG_Assertions"/>
</testsuite> <!-- com.handling.TestNG.Assertions.TestNG_Assertions -->
