<?xml version="1.0" encoding="UTF-8"?>
<!-- Generated by org.testng.reporters.JUnitReportReporter -->
<testsuite skipped="0" hostname="DESKTOP-3SUJPVT" name="com.screenrecorder.DemoTest" tests="1" failures="0" timestamp="31 Jan 2019 14:17:40 GMT" time="56.439" errors="0">
  <testcase name="verifyLink" time="56.439" classname="com.screenrecorder.DemoTest"/>
</testsuite> <!-- com.screenrecorder.DemoTest -->
