<?xml version="1.0" encoding="UTF-8"?>
<!-- Generated by org.testng.reporters.JUnitReportReporter -->
<testsuite skipped="0" hostname="DESKTOP-3SUJPVT" name="com.handling.TestNG.Assertions.LoginTest" tests="1" failures="0" timestamp="31 Jan 2019 12:11:34 GMT" time="56.448" errors="0">
  <testcase name="ace_LoginTest" time="56.448" classname="com.handling.TestNG.Assertions.LoginTest"/>
</testsuite> <!-- com.handling.TestNG.Assertions.LoginTest -->
