<?xml version="1.0" encoding="UTF-8"?>
<!-- Generated by org.testng.reporters.JUnitReportReporter -->
<testsuite skipped="0" hostname="DESKTOP-3SUJPVT" name="com.handling.ExtentReports.Version4.Handling_ExtentReports" tests="3" failures="0" timestamp="31 Jan 2019 17:40:15 GMT" time="110.894" errors="0">
  <testcase name="nopCommerceLogoTest" time="42.158" classname="com.handling.ExtentReports.Version4.Handling_ExtentReports"/>
  <testcase name="verifyPageTitleTest" time="34.106" classname="com.handling.ExtentReports.Version4.Handling_ExtentReports"/>
  <testcase name="nopCommerceLoginTest" time="34.630" classname="com.handling.ExtentReports.Version4.Handling_ExtentReports"/>
</testsuite> <!-- com.handling.ExtentReports.Version4.Handling_ExtentReports -->
