<?xml version="1.0" encoding="UTF-8"?>
<!-- Generated by org.testng.reporters.JUnitReportReporter -->
<testsuite skipped="0" hostname="DESKTOP-3SUJPVT" name="com.handling.SeleniumGrid.LoginTest" tests="1" failures="0" timestamp="01 Feb 2019 06:32:59 GMT" time="52.447" errors="0">
  <testcase name="loginTest" time="52.447" classname="com.handling.SeleniumGrid.LoginTest"/>
</testsuite> <!-- com.handling.SeleniumGrid.LoginTest -->
